[Info  - 06:13:16.45] Reading sessions from keychain...
[Info  - 06:13:16.58] Getting sessions for user:email...
[Info  - 06:13:16.63] Got 0 sessions for user:email...
[Info  - 06:13:16.64] Getting sessions for all scopes...
[Info  - 06:13:16.64] Got 0 sessions for all scopes...
[Info  - 07:27:18.238] Getting sessions for repo,workflow...
[Info  - 07:27:18.238] Got 0 sessions for repo,workflow...
[Info  - 07:27:23.15] Logging in for the following scopes: repo workflow
[Trace  - 07:27:53.143] Handling Uri...
[Info  - 07:27:53.143] Exchanging code for token...
[Info  - 07:27:54.610] Token exchange success!
[Info  - 07:27:54.610] Getting user info...
[Info  - 07:27:55.6] Got account info!
[Info  - 07:27:55.6] Storing 1 sessions...
[Info  - 07:27:55.42] Reading sessions from keychain...
[Info  - 07:27:55.42] Stored 1 sessions!
[Info  - 07:27:55.42] Login success!
[Info  - 07:27:55.47] Getting sessions for user:email...
[Trace  - 07:27:55.47] Token acquired from secret storage.
[Info  - 07:27:55.47] Got stored sessions!
[Trace  - 07:27:55.47] Read the following session from the keychain with the following scopes: repo,workflow
[Info  - 07:27:55.47] Got 1 verified sessions.
[Info  - 07:27:55.47] Got 0 sessions for user:email...
